**************************************************
Report         : passing_points

Reference      : r:/WORK/TOP_TX
Implementation : i:/WORK/TOP_TX
Version        : L-2016.03-SP1
Date           : Thu Sep 11 23:42:41 2025
**************************************************

28 Passing compare points:

  Ref  DFF        r:/WORK/TOP_TX/FSM1/BUSY_FSM_reg
  Impl DFF        i:/WORK/TOP_TX/FSM1/BUSY_FSM_reg

  Ref  DFF        r:/WORK/TOP_TX/FSM1/cs_reg[0]
  Impl DFF        i:/WORK/TOP_TX/FSM1/cs_reg[0]

  Ref  DFF        r:/WORK/TOP_TX/FSM1/cs_reg[1]
  Impl DFF        i:/WORK/TOP_TX/FSM1/cs_reg[1]

  Ref  DFF        r:/WORK/TOP_TX/FSM1/cs_reg[2]
  Impl DFF        i:/WORK/TOP_TX/FSM1/cs_reg[2]

  Ref  DFF        r:/WORK/TOP_TX/PAR/par_bit_reg
  Impl DFF        i:/WORK/TOP_TX/PAR/par_bit_reg

  Ref  DFF        r:/WORK/TOP_TX/PAR/par_data_reg[0]
  Impl DFF        i:/WORK/TOP_TX/PAR/par_data_reg[0]

  Ref  DFF        r:/WORK/TOP_TX/PAR/par_data_reg[1]
  Impl DFF        i:/WORK/TOP_TX/PAR/par_data_reg[1]

  Ref  DFF        r:/WORK/TOP_TX/PAR/par_data_reg[2]
  Impl DFF        i:/WORK/TOP_TX/PAR/par_data_reg[2]

  Ref  DFF        r:/WORK/TOP_TX/PAR/par_data_reg[3]
  Impl DFF        i:/WORK/TOP_TX/PAR/par_data_reg[3]

  Ref  DFF        r:/WORK/TOP_TX/PAR/par_data_reg[4]
  Impl DFF        i:/WORK/TOP_TX/PAR/par_data_reg[4]

  Ref  DFF        r:/WORK/TOP_TX/PAR/par_data_reg[5]
  Impl DFF        i:/WORK/TOP_TX/PAR/par_data_reg[5]

  Ref  DFF        r:/WORK/TOP_TX/PAR/par_data_reg[6]
  Impl DFF        i:/WORK/TOP_TX/PAR/par_data_reg[6]

  Ref  DFF        r:/WORK/TOP_TX/PAR/par_data_reg[7]
  Impl DFF        i:/WORK/TOP_TX/PAR/par_data_reg[7]

  Ref  DFF        r:/WORK/TOP_TX/SER/counter_reg[0]
  Impl DFF        i:/WORK/TOP_TX/SER/counter_reg[0]

  Ref  DFF        r:/WORK/TOP_TX/SER/counter_reg[1]
  Impl DFF        i:/WORK/TOP_TX/SER/counter_reg[1]

  Ref  DFF        r:/WORK/TOP_TX/SER/counter_reg[2]
  Impl DFF        i:/WORK/TOP_TX/SER/counter_reg[2]

  Ref  DFF        r:/WORK/TOP_TX/SER/counter_reg[3]
  Impl DFF        i:/WORK/TOP_TX/SER/counter_reg[3]

  Ref  DFF        r:/WORK/TOP_TX/SER/data_reg[0]
  Impl DFF        i:/WORK/TOP_TX/SER/data_reg[0]

  Ref  DFF        r:/WORK/TOP_TX/SER/data_reg[1]
  Impl DFF        i:/WORK/TOP_TX/SER/data_reg[1]

  Ref  DFF        r:/WORK/TOP_TX/SER/data_reg[2]
  Impl DFF        i:/WORK/TOP_TX/SER/data_reg[2]

  Ref  DFF        r:/WORK/TOP_TX/SER/data_reg[3]
  Impl DFF        i:/WORK/TOP_TX/SER/data_reg[3]

  Ref  DFF        r:/WORK/TOP_TX/SER/data_reg[4]
  Impl DFF        i:/WORK/TOP_TX/SER/data_reg[4]

  Ref  DFF        r:/WORK/TOP_TX/SER/data_reg[5]
  Impl DFF        i:/WORK/TOP_TX/SER/data_reg[5]

  Ref  DFF        r:/WORK/TOP_TX/SER/data_reg[6]
  Impl DFF        i:/WORK/TOP_TX/SER/data_reg[6]

  Ref  DFF        r:/WORK/TOP_TX/SER/data_reg[7]
  Impl DFF        i:/WORK/TOP_TX/SER/data_reg[7]

  Ref  DFF        r:/WORK/TOP_TX/mux/TX_OUT_mux_reg
  Impl DFF        i:/WORK/TOP_TX/mux/TX_OUT_mux_reg

  Ref  Port       r:/WORK/TOP_TX/BUSY
  Impl Port       i:/WORK/TOP_TX/BUSY

  Ref  Port       r:/WORK/TOP_TX/TX_OUT
  Impl Port       i:/WORK/TOP_TX/TX_OUT

 [BBNet: multiply-driven net
  BBPin: black-box pin
  Cut:   cut-point
  DFF:   non-constant DFF register
  DFF0:  constant 0 DFF register
  DFF1:  constant 1 DFF register
  DFFX:  constant X DFF register
  DFF0X: constrained 0X DFF register
  DFF1X: constrained 1X DFF register
  LAT:   non-constant latch register
  LAT0:  constant 0 latch register
  LAT1:  constant 1 latch register
  LATX:  constant X latch register
  LAT0X: constrained 0X latch register
  LAT1X: constrained 1X latch register
  LATCG: clock-gating latch register
  TLA:   transparent latch register
  TLA0X: transparent constrained 0X latch register
  TLA1X: transparent constrained 1X latch register
  Loop:  cycle break point
  Port:  primary (top-level) port
  Und:   undriven signal cut-point
  Unk:   unknown signal cut-point]

1
