 
****************************************
Report : area
Design : TOP_TX
Version: K-2015.06
Date   : Fri Sep 12 01:05:14 2025
****************************************

Library(s) Used:

    scmetro_tsmc_cl013g_rvt_ff_1p32v_m40c (File: /home/IC/Assignments/Ass_Syn_2.0/std_cells/scmetro_tsmc_cl013g_rvt_ff_1p32v_m40c.db)

Number of ports:                           88
Number of nets:                           186
Number of cells:                          104
Number of combinational cells:             70
Number of sequential cells:                28
Number of macros/black boxes:               0
Number of buf/inv:                         10
Number of references:                       7

Combinational area:                574.229611
Buf/Inv area:                       35.301001
Noncombinational area:             891.938583
Macro/Black Box area:                0.000000
Net Interconnect area:      undefined  (No wire load specified)

Total cell area:                  1466.168194
Total area:                 undefined

Hierarchical area distribution
------------------------------

                                  Global cell area          Local cell area
                                  ------------------  --------------------------- 
Hierarchical cell                 Absolute   Percent  Combi-    Noncombi-  Black-
                                  Total      Total    national  national   boxes   Design
--------------------------------  ---------  -------  --------  ---------  ------  --------------------
TOP_TX                            1466.1682    100.0    7.0602     0.0000  0.0000  TOP_TX
FSM1                               260.0507     17.7  118.8467   141.2040  0.0000  FSM_TX_test_1
MUX_SCAN_CLK                        11.7670      0.8   11.7670     0.0000  0.0000  mux2X1_0
MUX_SCAN_RST                        11.7670      0.8   11.7670     0.0000  0.0000  mux2X1_1
PAR                                523.6315     35.7  205.9225   317.7090  0.0000  parity_calc_8_test_1
SER                                591.8801     40.4  196.5089   395.3712  0.0000  SERIALIZER_8_test_1
mux                                 60.0117      4.1   22.3573    37.6544  0.0000  MUX4x1_test_1
--------------------------------  ---------  -------  --------  ---------  ------  --------------------
Total                                                 574.2296   891.9386  0.0000

1
