 
****************************************
Report : area
Design : TOP_TX
Version: K-2015.06
Date   : Mon Sep  8 22:12:04 2025
****************************************

Library(s) Used:

    scmetro_tsmc_cl013g_rvt_ff_1p32v_m40c (File: /home/IC/Assignments/Ass_Syn_2.0/std_cells/scmetro_tsmc_cl013g_rvt_ff_1p32v_m40c.db)

Number of ports:                           63
Number of nets:                           166
Number of cells:                          107
Number of combinational cells:             75
Number of sequential cells:                28
Number of macros/black boxes:               0
Number of buf/inv:                         16
Number of references:                       5

Combinational area:                670.719008
Buf/Inv area:                       90.605902
Noncombinational area:             695.429701
Macro/Black Box area:                0.000000
Net Interconnect area:           40600.205383

Total cell area:                  1366.148709
Total area:                      41966.354092

Hierarchical area distribution
------------------------------

                                  Global cell area          Local cell area
                                  ------------------  --------------------------- 
Hierarchical cell                 Absolute   Percent  Combi-    Noncombi-  Black-
                                  Total      Total    national  national   boxes   Design
--------------------------------  ---------  -------  --------  ---------  ------  -------------
TOP_TX                            1366.1487    100.0    5.8835     0.0000  0.0000  TOP_TX
FSM1                               282.4080     20.7  170.6215   111.7865  0.0000  FSM_TX
PAR                                454.2062     33.2  210.6293   243.5769  0.0000  parity_calc_8
SER                                557.7558     40.8  244.7536   313.0022  0.0000  SERIALIZER_8
mux                                 65.8952      4.8   38.8311    27.0641  0.0000  MUX4x1
--------------------------------  ---------  -------  --------  ---------  ------  -------------
Total                                                 670.7190   695.4297  0.0000

1
