                                        
                           Design Compiler Graphical 
                                 DC Ultra (TM)
                                  DFTMAX (TM)
                              Power Compiler (TM)
                                 DesignWare (R)
                                 DC Expert (TM)
                               Design Vision (TM)
                               HDL Compiler (TM)
                               VHDL Compiler (TM)
                                  DFT Compiler
                               Design Compiler(R)
                                        
                 Version K-2015.06 for linux64 - May 28, 2015 
                                        
                    Copyright (c) 1988 - 2015 Synopsys, Inc.
   This software and the associated documentation are proprietary to Synopsys,
 Inc. This software may only be used in accordance with the terms and conditions
 of a written license agreement with Synopsys, Inc. All other use, reproduction,
            or distribution of this software is strictly prohibited.
Initializing...
Initializing gui preferences from file  /home/IC/.synopsys_dv_prefs.tcl
set top_module TOP_TX
TOP_TX
define_design_lib  work -path ./work
1
puts "#####################################################"
#####################################################
puts "################## library defenation ###############"
################## library defenation ###############
puts "#####################################################"
#####################################################
lappend search_path /home/IC/Assignments/Ass_Syn_2.0/rtl
. /opt/Synopsys/Synplify2015/libraries/syn /opt/Synopsys/Synplify2015/minpower/syn /opt/Synopsys/Synplify2015/dw/syn_ver /opt/Synopsys/Synplify2015/dw/sim_ver /home/IC/Assignments/Ass_Syn_2.0/rtl
lappend search_path /home/IC/Assignments/Ass_Syn_2.0/std_cells
. /opt/Synopsys/Synplify2015/libraries/syn /opt/Synopsys/Synplify2015/minpower/syn /opt/Synopsys/Synplify2015/dw/syn_ver /opt/Synopsys/Synplify2015/dw/sim_ver /home/IC/Assignments/Ass_Syn_2.0/rtl /home/IC/Assignments/Ass_Syn_2.0/std_cells
## Standard Cell libraries 
set FFLIB "scmetro_tsmc_cl013g_rvt_ff_1p32v_m40c.db"
scmetro_tsmc_cl013g_rvt_ff_1p32v_m40c.db
set SSLIB "scmetro_tsmc_cl013g_rvt_ss_1p08v_125c.db"
scmetro_tsmc_cl013g_rvt_ss_1p08v_125c.db
set TTLIB "scmetro_tsmc_cl013g_rvt_tt_1p2v_25c.db"
scmetro_tsmc_cl013g_rvt_tt_1p2v_25c.db
set target_library [list $FFLIB $SSLIB $TTLIB]
scmetro_tsmc_cl013g_rvt_ff_1p32v_m40c.db scmetro_tsmc_cl013g_rvt_ss_1p08v_125c.db scmetro_tsmc_cl013g_rvt_tt_1p2v_25c.db
## Standard Cell & Hard Macros libraries
set link_library [list * $FFLIB $SSLIB $TTLIB]
* scmetro_tsmc_cl013g_rvt_ff_1p32v_m40c.db scmetro_tsmc_cl013g_rvt_ss_1p08v_125c.db scmetro_tsmc_cl013g_rvt_tt_1p2v_25c.db
##read_file and link to be synthesize 
puts "###########################################"
###########################################
puts "#             Reading RTL Files           #"
#             Reading RTL Files           #
puts "###########################################"
###########################################
set file_format verilog
verilog
#read_file -format $file_format FSM_TX.v
#read_file -format $file_format MUX4x1.v
#read_file -format $file_format parity_calc.v
#read_file -format $file_format SERIALIZER.v
#read_file -format $file_format $top_module.v
analyze -format $file_format "FSM_TX.v MUX4x1.v parity_calc.v SERIALIZER.v $top_module.v"
Running PRESTO HDLC
Compiling source file /home/IC/Assignments/Ass_Syn_2.0/rtl/FSM_TX.v
Compiling source file /home/IC/Assignments/Ass_Syn_2.0/rtl/MUX4x1.v
Compiling source file /home/IC/Assignments/Ass_Syn_2.0/rtl/parity_calc.v
Compiling source file /home/IC/Assignments/Ass_Syn_2.0/rtl/SERIALIZER.v
Compiling source file /home/IC/Assignments/Ass_Syn_2.0/rtl/TOP_TX.v
Presto compilation completed successfully.
Loading db file '/home/IC/Assignments/Ass_Syn_2.0/std_cells/scmetro_tsmc_cl013g_rvt_ff_1p32v_m40c.db'
Loading db file '/home/IC/Assignments/Ass_Syn_2.0/std_cells/scmetro_tsmc_cl013g_rvt_ss_1p08v_125c.db'
Loading db file '/home/IC/Assignments/Ass_Syn_2.0/std_cells/scmetro_tsmc_cl013g_rvt_tt_1p2v_25c.db'
1
elaborate -lib work  $top_module
Loading db file '/opt/Synopsys/Synplify2015/libraries/syn/gtech.db'
Loading db file '/opt/Synopsys/Synplify2015/libraries/syn/standard.sldb'
  Loading link library 'scmetro_tsmc_cl013g_rvt_ff_1p32v_m40c'
  Loading link library 'scmetro_tsmc_cl013g_rvt_ss_1p08v_125c'
  Loading link library 'scmetro_tsmc_cl013g_rvt_tt_1p2v_25c'
  Loading link library 'gtech'
Running PRESTO HDLC
Presto compilation completed successfully.
Elaborated 1 design.
Current design is now 'TOP_TX'.
Information: Building the design 'MUX4x1'. (HDL-193)

Statistics for case statements in always block at line 19 in file
	'/home/IC/Assignments/Ass_Syn_2.0/rtl/MUX4x1.v'
===============================================
|           Line           |  full/ parallel  |
===============================================
|            20            |    auto/auto     |
===============================================

Inferred memory devices in process
	in routine MUX4x1 line 11 in file
		'/home/IC/Assignments/Ass_Syn_2.0/rtl/MUX4x1.v'.
===============================================================================
|    Register Name    |   Type    | Width | Bus | MB | AR | AS | SR | SS | ST |
===============================================================================
|   TX_OUT_mux_reg    | Flip-flop |   1   |  N  | N  | Y  | N  | N  | N  | N  |
===============================================================================
Presto compilation completed successfully.
Information: Building the design 'parity_calc' instantiated from design 'TOP_TX' with
	the parameters "DATA_LENGTH=4'h8". (HDL-193)

Inferred memory devices in process
	in routine parity_calc_8 line 13 in file
		'/home/IC/Assignments/Ass_Syn_2.0/rtl/parity_calc.v'.
===============================================================================
|    Register Name    |   Type    | Width | Bus | MB | AR | AS | SR | SS | ST |
===============================================================================
|    par_data_reg     | Flip-flop |   8   |  Y  | N  | Y  | N  | N  | N  | N  |
===============================================================================

Inferred memory devices in process
	in routine parity_calc_8 line 21 in file
		'/home/IC/Assignments/Ass_Syn_2.0/rtl/parity_calc.v'.
===============================================================================
|    Register Name    |   Type    | Width | Bus | MB | AR | AS | SR | SS | ST |
===============================================================================
|     par_bit_reg     | Flip-flop |   1   |  N  | N  | Y  | N  | N  | N  | N  |
===============================================================================
Presto compilation completed successfully.
Information: Building the design 'SERIALIZER' instantiated from design 'TOP_TX' with
	the parameters "DATA_LENGTH=4'h8". (HDL-193)

Inferred memory devices in process
	in routine SERIALIZER_8 line 15 in file
		'/home/IC/Assignments/Ass_Syn_2.0/rtl/SERIALIZER.v'.
===============================================================================
|    Register Name    |   Type    | Width | Bus | MB | AR | AS | SR | SS | ST |
===============================================================================
|      data_reg       | Flip-flop |   8   |  Y  | N  | N  | Y  | N  | N  | N  |
===============================================================================

Inferred memory devices in process
	in routine SERIALIZER_8 line 30 in file
		'/home/IC/Assignments/Ass_Syn_2.0/rtl/SERIALIZER.v'.
===============================================================================
|    Register Name    |   Type    | Width | Bus | MB | AR | AS | SR | SS | ST |
===============================================================================
|     counter_reg     | Flip-flop |   4   |  Y  | N  | Y  | N  | N  | N  | N  |
===============================================================================
Presto compilation completed successfully.
Information: Building the design 'FSM_TX'. (HDL-193)

Statistics for case statements in always block at line 27 in file
	'/home/IC/Assignments/Ass_Syn_2.0/rtl/FSM_TX.v'
===============================================
|           Line           |  full/ parallel  |
===============================================
|            28            |    auto/auto     |
===============================================

Inferred memory devices in process
	in routine FSM_TX line 19 in file
		'/home/IC/Assignments/Ass_Syn_2.0/rtl/FSM_TX.v'.
===============================================================================
|    Register Name    |   Type    | Width | Bus | MB | AR | AS | SR | SS | ST |
===============================================================================
|       cs_reg        | Flip-flop |   3   |  Y  | N  | Y  | N  | N  | N  | N  |
===============================================================================

Inferred memory devices in process
	in routine FSM_TX line 108 in file
		'/home/IC/Assignments/Ass_Syn_2.0/rtl/FSM_TX.v'.
===============================================================================
|    Register Name    |   Type    | Width | Bus | MB | AR | AS | SR | SS | ST |
===============================================================================
|    BUSY_FSM_reg     | Flip-flop |   1   |  N  | N  | Y  | N  | N  | N  | N  |
===============================================================================
Presto compilation completed successfully.
1
current_design $top_module
Current design is 'TOP_TX'.
{TOP_TX}
#################### Liniking All The Design Parts #########################
puts "###############################################"
###############################################
puts "######## Liniking All The Design Parts ########"
######## Liniking All The Design Parts ########
puts "###############################################"
###############################################
link 

  Linking design 'TOP_TX'
  Using the following designs and libraries:
  --------------------------------------------------------------------------
  * (5 designs)               /home/IC/Assignments/Ass_Syn_2.0/syn/TOP_TX.db, etc
  scmetro_tsmc_cl013g_rvt_ff_1p32v_m40c (library) /home/IC/Assignments/Ass_Syn_2.0/std_cells/scmetro_tsmc_cl013g_rvt_ff_1p32v_m40c.db
  scmetro_tsmc_cl013g_rvt_ss_1p08v_125c (library) /home/IC/Assignments/Ass_Syn_2.0/std_cells/scmetro_tsmc_cl013g_rvt_ss_1p08v_125c.db
  scmetro_tsmc_cl013g_rvt_tt_1p2v_25c (library) /home/IC/Assignments/Ass_Syn_2.0/std_cells/scmetro_tsmc_cl013g_rvt_tt_1p2v_25c.db

1
#################### Liniking All The Design Parts #########################
puts "###############################################"
###############################################
puts "######## checking design consistency ##########"
######## checking design consistency ##########
puts "###############################################"
###############################################
check_design
 
****************************************
check_design summary:
Version:     K-2015.06
Date:        Mon Sep  8 22:12:00 2025
****************************************

                   Name                                            Total
--------------------------------------------------------------------------------
Cells                                                               3
    Cells do not drive (LINT-1)                                     1
    Connected to power or ground (LINT-32)                          2
--------------------------------------------------------------------------------

Warning: In design 'SERIALIZER_8', cell 'C105' does not drive any nets. (LINT-1)
Warning: In design 'TOP_TX', a pin on submodule 'mux' is connected to logic 1 or logic 0. (LINT-32)
   Pin 'start_bit_mux' is connected to logic 0. 
Warning: In design 'TOP_TX', a pin on submodule 'mux' is connected to logic 1 or logic 0. (LINT-32)
   Pin 'stop_bit_mux' is connected to logic 1. 
1
###################### Mapping and optimization ########################
puts "###############################################"
###############################################
puts "########## Mapping & Optimization #############"
########## Mapping & Optimization #############
puts "###############################################"
###############################################
source -echo ./cons.tcl
#########################################################
#### Section 1 : Clock Definition ####
#########################################################
set clock_name CLK1
set clock_period 8680
set CLK_SETUP_SKEW 0.25
set CLK_HOLD_SKEW 0.05
set CLK_LAT 0
set CLK_transition 0.1
create_clock -name "$clock_name" -period $clock_period -waveform [list 0 [expr $clock_period/2.0]] [get_ports CLK]
#########################################################
#### Section 3 : uncertainty ,skew, latency and transiton ####
#########################################################
set_clock_uncertainty -setup $CLK_SETUP_SKEW [get_clocks "$clock_name"]
set_clock_uncertainty -hold  $CLK_HOLD_SKEW [get_clocks "$clock_name"]
set_clock_latency $CLK_LAT [get_clocks "$clock_name"]
set_clock_transition  $CLK_transition [get_clocks "$clock_name"]
#### Section 4 : Driving cells ####
set_driving_cell -library scmetro_tsmc_cl013g_rvt_ss_1p08v_125c -lib_cell BUFX2M -pin Y [get_port P_DATA]
Warning: Design rule attributes from the driving cell will be
	set on the port. (UID-401)
Warning: Design rule attributes from the driving cell will be
	set on the port. (UID-401)
Warning: Design rule attributes from the driving cell will be
	set on the port. (UID-401)
Warning: Design rule attributes from the driving cell will be
	set on the port. (UID-401)
Warning: Design rule attributes from the driving cell will be
	set on the port. (UID-401)
Warning: Design rule attributes from the driving cell will be
	set on the port. (UID-401)
Warning: Design rule attributes from the driving cell will be
	set on the port. (UID-401)
Warning: Design rule attributes from the driving cell will be
	set on the port. (UID-401)
set_driving_cell -library scmetro_tsmc_cl013g_rvt_ss_1p08v_125c -lib_cell BUFX2M -pin Y [get_port PAR_TYP]
Warning: Design rule attributes from the driving cell will be
	set on the port. (UID-401)
set_driving_cell -library scmetro_tsmc_cl013g_rvt_ss_1p08v_125c -lib_cell BUFX2M -pin Y [get_port PAR_EN]
Warning: Design rule attributes from the driving cell will be
	set on the port. (UID-401)
set_driving_cell -library scmetro_tsmc_cl013g_rvt_ss_1p08v_125c -lib_cell BUFX2M -pin Y [get_port DATA_VALID]
Warning: Design rule attributes from the driving cell will be
	set on the port. (UID-401)
set_load 0.5 [get_port TX_OUT]
set_load 0.5 [get_port BUSY]
set_dont_touch_network [get_clocks "$clock_name"]
####################################################################################
#########################################################
#### Section 3 : set input/output delay on ports ####
#########################################################
####################################################################################
set in_delay  [expr 0.3*$clock_period]
set out_delay [expr 0.3*$clock_period]
#Constrain Input Paths
set_input_delay $in_delay -clock $clock_name [get_ports P_DATA]
set_input_delay $in_delay -clock $clock_name [get_ports PAR_TYP]
set_input_delay $in_delay -clock $clock_name [get_ports PAR_EN]
set_input_delay $in_delay -clock $clock_name [get_ports DATA_VALID]
#Constrain Output Paths
set_output_delay $out_delay -clock $clock_name [get_ports TX_OUT]
set_output_delay $out_delay -clock $clock_name [get_ports BUSY]
#########################################################
#### Section 7 : wireload Model ####
#########################################################
####################################################################################
set_wire_load_model -name tsmc13_wl30 -library scmetro_tsmc_cl013g_rvt_ss_1p08v_125c
#############################################################################
####################################################################################
#########################################################
#### Section 6 : Operating Condition ####
#########################################################
####################################################################################
# Define the Worst Library for Max(#setup) analysis
# Define the Best Library for Min(hold) analysis
set_operating_conditions -min_library "scmetro_tsmc_cl013g_rvt_ff_1p32v_m40c" -min "scmetro_tsmc_cl013g_rvt_ff_1p32v_m40c" -max_library "scmetro_tsmc_cl013g_rvt_ss_1p08v_125c" -max "scmetro_tsmc_cl013g_rvt_ss_1p08v_125c"
Using operating conditions 'scmetro_tsmc_cl013g_rvt_ss_1p08v_125c' found in library 'scmetro_tsmc_cl013g_rvt_ss_1p08v_125c'.
Using operating conditions 'scmetro_tsmc_cl013g_rvt_ff_1p32v_m40c' found in library 'scmetro_tsmc_cl013g_rvt_ff_1p32v_m40c'.
1
# Write out Design after initial compile
compile -map_effort medium
Information: Evaluating DesignWare library utilization. (UISN-27)

============================================================================
| DesignWare Building Block Library  |         Version         | Available |
============================================================================
| Basic DW Building Blocks           | K-2015.06-DWBB_201506.0 |     *     |
| Licensed DW Building Blocks        |                         |           |
============================================================================


Information: There are 3 potential problems in your design. Please run 'check_design' for more information. (LINT-99)


Warning: Operating condition scmetro_tsmc_cl013g_rvt_ss_1p08v_125c set on design TOP_TX has different process,
voltage and temperatures parameters than the parameters at which target library 
scmetro_tsmc_cl013g_rvt_ff_1p32v_m40c is characterized. Delays may be inaccurate as a result. (OPT-998)

  Beginning Pass 1 Mapping
  ------------------------
  Processing 'FSM_TX'
  Processing 'SERIALIZER_8'
  Processing 'parity_calc_8'
  Processing 'MUX4x1'
  Processing 'TOP_TX'

  Updating timing information
Information: Updating design information... (UID-85)

  Beginning Mapping Optimizations  (Medium effort)
  -------------------------------

                                  TOTAL                                      
   ELAPSED            WORST NEG   SETUP    DESIGN                            
    TIME      AREA      SLACK     COST    RULE COST         ENDPOINT         
  --------- --------- --------- --------- --------- -------------------------
    0:00:02   44926.6      0.00       0.0       6.1                          
    0:00:02   44926.6      0.00       0.0       6.1                          
    0:00:02   44926.6      0.00       0.0       6.1                          
    0:00:02   44926.6      0.00       0.0       6.1                          
    0:00:02   44926.6      0.00       0.0       6.1                          
    0:00:02   43974.6      0.00       0.0       1.7                          
    0:00:02   43964.0      0.00       0.0       1.7                          
    0:00:02   43964.0      0.00       0.0       1.7                          
    0:00:02   43964.0      0.00       0.0       1.7                          
    0:00:02   43964.0      0.00       0.0       1.7                          
    0:00:02   43964.0      0.00       0.0       1.7                          
    0:00:02   44265.2      0.00       0.0       0.0                          
    0:00:02   44265.2      0.00       0.0       0.0                          
    0:00:02   44265.2      0.00       0.0       0.0                          
    0:00:02   44265.2      0.00       0.0       0.0                          



  Beginning Delay Optimization Phase
  ----------------------------------

                                  TOTAL                                      
   ELAPSED            WORST NEG   SETUP    DESIGN                            
    TIME      AREA      SLACK     COST    RULE COST         ENDPOINT         
  --------- --------- --------- --------- --------- -------------------------
    0:00:02   44265.2      0.00       0.0       0.0                          
    0:00:02   44265.2      0.00       0.0       0.0                          
    0:00:02   43986.4      0.00       0.0       0.7                          


  Beginning Design Rule Fixing  (max_transition)  (max_capacitance)
  ----------------------------

                                  TOTAL                                      
   ELAPSED            WORST NEG   SETUP    DESIGN                            
    TIME      AREA      SLACK     COST    RULE COST         ENDPOINT         
  --------- --------- --------- --------- --------- -------------------------
    0:00:02   43986.4      0.00       0.0       0.7                          
    0:00:02   43993.4      0.00       0.0       0.0                          


  Beginning Area-Recovery Phase  (cleanup)
  -----------------------------

                                  TOTAL                                      
   ELAPSED            WORST NEG   SETUP    DESIGN                            
    TIME      AREA      SLACK     COST    RULE COST         ENDPOINT         
  --------- --------- --------- --------- --------- -------------------------
    0:00:02   43993.4      0.00       0.0       0.0                          
    0:00:02   43993.4      0.00       0.0       0.0                          
    0:00:02   41966.4      0.00       0.0       0.0                          
    0:00:02   41966.4      0.00       0.0       0.0                          
    0:00:02   41966.4      0.00       0.0       0.0                          
    0:00:02   41966.4      0.00       0.0       0.0                          
    0:00:02   41966.4      0.00       0.0       0.0                          
    0:00:02   41966.4      0.00       0.0       0.0                          
    0:00:02   41966.4      0.00       0.0       0.0                          
    0:00:02   41966.4      0.00       0.0       0.0                          
    0:00:02   41966.4      0.00       0.0       0.0                          
    0:00:02   41966.4      0.00       0.0       0.0                          
    0:00:02   41966.4      0.00       0.0       0.0                          
Loading db file '/home/IC/Assignments/Ass_Syn_2.0/std_cells/scmetro_tsmc_cl013g_rvt_ff_1p32v_m40c.db'
Loading db file '/home/IC/Assignments/Ass_Syn_2.0/std_cells/scmetro_tsmc_cl013g_rvt_ss_1p08v_125c.db'
Loading db file '/home/IC/Assignments/Ass_Syn_2.0/std_cells/scmetro_tsmc_cl013g_rvt_tt_1p2v_25c.db'


Note: Symbol # after min delay cost means estimated hold TNS across all active scenarios 


  Optimization Complete
  ---------------------
1
#compile -ungroup_all map_effort high
#compile_ultra -no_auto_ungroup
#############################################################################
write_file -format $file_format -hierarchy -output UART_TX_netlist.v
Writing verilog file '/home/IC/Assignments/Ass_Syn_2.0/syn/UART_TX_netlist.v'.
1
write_file -format ddc -hierarchy -output UART_TX.ddc
Writing ddc file 'UART_TX.ddc'.
1
write_sdc  -nosplit UART_TX.sdc
1
write_sdf           UART_TX.sdf
Information: Annotated 'cell' delays are assumed to include load delay. (UID-282)
Information: Writing timing information to file '/home/IC/Assignments/Ass_Syn_2.0/syn/UART_TX.sdf'. (WT-3)
Information: Updating design information... (UID-85)
1
################# reporting #######################
report_area -hierarchy > area.rpt
report_power -hierarchy > power.rpt
report_timing -max_paths 100 -delay_type min > hold.rpt
report_timing -max_paths 100 -delay_type max > setup.rpt
report_clock -attributes > clocks.rpt
report_constraint -all_violators > constraints.rpt
#exit
exit

Memory usage for main task 288 Mbytes.
Memory usage for this session 288 Mbytes.
CPU usage for this session 6 seconds ( 0.00 hours ).

Thank you...
